2018-03-10 12:08:43 | init: TMainModule.create()
2018-03-10 12:08:43 | init: handle request: mod=main
2018-03-10 13:46:20 | init: TMainModule.create()
2018-03-10 13:46:20 | init: handle request: mod=main
2018-03-10 13:46:36 | init: TMainModule.create()
2018-03-10 13:46:36 | init: handle request: mod=main
2018-03-10 13:49:48 | init: TMainModule.create()
2018-03-10 13:49:48 | init: handle request: mod=main
2018-03-10 13:54:41 | init: TMainModule.create()
2018-03-10 13:54:41 | init: handle request: mod=main
2018-03-10 13:56:20 | init: TMainModule.create()
2018-03-10 13:56:20 | init: handle request: mod=main
2018-03-10 13:57:02 | init: TMainModule.create()
2018-03-10 13:57:02 | init: handle request: mod=main
2018-03-10 14:06:34 | init: TMainModule.create()
2018-03-10 14:06:34 | init: handle request: mod=main
2018-03-10 14:07:53 | init: TMainModule.create()
2018-03-10 14:07:53 | init: handle request: mod=main
2018-03-10 14:09:44 | init: TMainModule.create()
2018-03-10 14:09:44 | init: handle request: mod=main
2018-03-10 14:10:02 | init: TMainModule.create()
2018-03-10 14:10:02 | init: handle request: mod=main
2018-03-10 14:12:16 | init: TMainModule.create()
2018-03-10 14:12:16 | init: handle request: mod=main
2018-03-10 14:16:52 | init: TMainModule.create()
2018-03-10 14:16:52 | init: handle request: mod=main
2018-03-10 14:23:53 | init: TMainModule.create()
2018-03-10 14:23:53 | init: handle request: mod=main
2018-03-10 14:38:54 | init: TMainModule.create()
2018-03-10 14:38:54 | init: handle request: mod=main
2018-03-10 14:43:09 | init: TMainModule.create()
2018-03-10 14:43:09 | init: handle request: mod=main
2018-03-10 14:43:14 | init: THelpModule.create()
2018-03-10 14:43:14 | init: handle request: mod=help
2018-03-10 15:01:39 | init: TMainModule.create()
2018-03-10 15:01:39 | init: handle request: mod=main
2018-03-10 15:02:22 | init: TMainModule.create()
2018-03-10 15:02:22 | init: handle request: mod=main
2018-03-10 15:04:24 | init: TMainModule.create()
2018-03-10 15:04:24 | init: handle request: mod=main
2018-03-10 15:05:04 | init: TMainModule.create()
2018-03-10 15:05:04 | init: handle request: mod=main
2018-03-10 15:05:08 | init: TMainModule.create()
2018-03-10 15:05:08 | init: handle request: mod=main
2018-03-10 15:05:26 | init: TMainModule.create()
2018-03-10 15:05:26 | init: handle request: mod=main
2018-03-10 15:06:22 | init: TMainModule.create()
2018-03-10 15:06:22 | init: handle request: mod=main
2018-03-10 15:06:52 | init: THelpModule.create()
2018-03-10 15:06:52 | init: handle request: mod=help
2018-03-10 15:07:28 | init: THelpModule.create()
2018-03-10 15:07:28 | init: handle request: mod=help
2018-03-10 15:07:41 | init: TMainModule.create()
2018-03-10 15:07:41 | init: handle request: mod=main
2018-03-10 15:08:47 | init: THelpModule.create()
2018-03-10 15:08:47 | init: handle request: mod=help
2018-03-10 15:08:53 | init: TMainModule.create()
2018-03-10 15:08:53 | init: handle request: mod=main
2018-03-10 15:09:07 | init: TMainModule.create()
2018-03-10 15:09:07 | init: handle request: mod=main
2018-03-10 15:09:10 | init: TMainModule.create()
2018-03-10 15:09:10 | init: handle request: mod=main
2018-03-10 15:09:38 | init: TMainModule.create()
2018-03-10 15:09:38 | init: handle request: mod=main
2018-03-10 15:09:39 | init: TMainModule.create()
2018-03-10 15:09:39 | init: handle request: mod=main
2018-03-10 15:09:41 | init: THelpModule.create()
2018-03-10 15:09:41 | init: handle request: mod=help
2018-03-10 15:09:42 | init: TMainModule.create()
2018-03-10 15:09:42 | init: handle request: mod=main
2018-03-10 15:13:48 | init: TMainModule.create()
2018-03-10 15:13:48 | init: handle request: mod=main
2018-03-10 15:13:50 | init: THelpModule.create()
2018-03-10 15:13:50 | init: handle request: mod=help
2018-03-10 15:15:47 | init: TMainModule.create()
2018-03-10 15:15:47 | init: handle request: mod=main
2018-03-10 15:15:49 | init: THelpModule.create()
2018-03-10 15:15:49 | init: handle request: mod=help
2018-03-10 15:15:50 | init: TMainModule.create()
2018-03-10 15:15:50 | init: handle request: mod=main
2018-03-10 15:15:57 | init: TMainModule.create()
2018-03-10 15:15:57 | init: handle request: mod=main
2018-03-10 15:45:56 | init: TJsontestModule.create()
2018-03-10 15:45:56 | init: handle request: mod=jsontest
2018-03-10 15:46:44 | init: TJsontestModule.create()
2018-03-10 15:46:44 | init: handle request: mod=jsontest
2018-03-10 15:47:11 | init: TJsontestModule.create()
2018-03-10 15:47:11 | init: handle request: mod=jsontest
2018-03-10 15:48:50 | init: TJsontestModule.create()
2018-03-10 15:48:50 | init: handle request: mod=jsontest
2018-03-10 15:51:57 | init: TJsontestModule.create()
2018-03-10 15:51:57 | init: handle request: mod=jsontest
2018-03-10 15:52:20 | init: TJsontestModule.create()
2018-03-10 15:52:20 | init: handle request: mod=jsontest
